[2017-09-27 07:59:08] local.ERROR: SQLSTATE[HY000] [1045] Access denied for user 'homestead'@'localhost' (using password: YES) {"exception":"[object] (PDOException(code: 1045): SQLSTATE[HY000] [1045] Access denied for user 'homestead'@'localhost' (using password: YES) at /home/letellier/LaravelProject/projetTest/vendor/laravel/framework/src/Illuminate/Database/Connectors/Connector.php:67)
[stacktrace]
#0 /home/letellier/LaravelProject/projetTest/vendor/laravel/framework/src/Illuminate/Database/Connectors/Connector.php(67): PDO->__construct('mysql:host=127....', 'homestead', 'secret', Array)
#1 /home/letellier/LaravelProject/projetTest/vendor/laravel/framework/src/Illuminate/Database/Connectors/Connector.php(43): Illuminate\\Database\\Connectors\\Connector->createPdoConnection('mysql:host=127....', 'homestead', 'secret', Array)
#2 /home/letellier/LaravelProject/projetTest/vendor/laravel/framework/src/Illuminate/Database/Connectors/MySqlConnector.php(24): Illuminate\\Database\\Connectors\\Connector->createConnection('mysql:host=127....', Array, Array)
#3 /home/letellier/LaravelProject/projetTest/vendor/laravel/framework/src/Illuminate/Database/Connectors/ConnectionFactory.php(183): Illuminate\\Database\\Connectors\\MySqlConnector->connect(Array)
#4 [internal function]: Illuminate\\Database\\Connectors\\ConnectionFactory->Illuminate\\Database\\Connectors\\{closure}()
#5 /home/letellier/LaravelProject/projetTest/vendor/laravel/framework/src/Illuminate/Database/Connection.php(915): call_user_func(Object(Closure))
#6 /home/letellier/LaravelProject/projetTest/vendor/laravel/framework/src/Illuminate/Database/Connection.php(452): Illuminate\\Database\\Connection->getPdo()
#7 /home/letellier/LaravelProject/projetTest/vendor/laravel/framework/src/Illuminate/Database/Connection.php(657): Illuminate\\Database\\Connection->Illuminate\\Database\\{closure}('create table `m...', Array)
#8 /home/letellier/LaravelProject/projetTest/vendor/laravel/framework/src/Illuminate/Database/Connection.php(624): Illuminate\\Database\\Connection->runQueryCallback('create table `m...', Array, Object(Closure))
#9 /home/letellier/LaravelProject/projetTest/vendor/laravel/framework/src/Illuminate/Database/Connection.php(459): Illuminate\\Database\\Connection->run('create table `m...', Array, Object(Closure))
#10 /home/letellier/LaravelProject/projetTest/vendor/laravel/framework/src/Illuminate/Database/Schema/Blueprint.php(86): Illuminate\\Database\\Connection->statement('create table `m...')
#11 /home/letellier/LaravelProject/projetTest/vendor/laravel/framework/src/Illuminate/Database/Schema/Builder.php(252): Illuminate\\Database\\Schema\\Blueprint->build(Object(Illuminate\\Database\\MySqlConnection), Object(Illuminate\\Database\\Schema\\Grammars\\MySqlGrammar))
#12 /home/letellier/LaravelProject/projetTest/vendor/laravel/framework/src/Illuminate/Database/Schema/Builder.php(165): Illuminate\\Database\\Schema\\Builder->build(Object(Illuminate\\Database\\Schema\\Blueprint))
#13 /home/letellier/LaravelProject/projetTest/vendor/laravel/framework/src/Illuminate/Database/Migrations/DatabaseMigrationRepository.php(144): Illuminate\\Database\\Schema\\Builder->create('migrations', Object(Closure))
#14 /home/letellier/LaravelProject/projetTest/vendor/laravel/framework/src/Illuminate/Database/Console/Migrations/InstallCommand.php(54): Illuminate\\Database\\Migrations\\DatabaseMigrationRepository->createRepository()
#15 [internal function]: Illuminate\\Database\\Console\\Migrations\\InstallCommand->handle()
#16 /home/letellier/LaravelProject/projetTest/vendor/laravel/framework/src/Illuminate/Container/BoundMethod.php(29): call_user_func_array(Array, Array)
#17 /home/letellier/LaravelProject/projetTest/vendor/laravel/framework/src/Illuminate/Container/BoundMethod.php(87): Illuminate\\Container\\BoundMethod::Illuminate\\Container\\{closure}()
#18 /home/letellier/LaravelProject/projetTest/vendor/laravel/framework/src/Illuminate/Container/BoundMethod.php(31): Illuminate\\Container\\BoundMethod::callBoundMethod(Object(Illuminate\\Foundation\\Application), Array, Object(Closure))
#19 /home/letellier/LaravelProject/projetTest/vendor/laravel/framework/src/Illuminate/Container/Container.php(549): Illuminate\\Container\\BoundMethod::call(Object(Illuminate\\Foundation\\Application), Array, Array, NULL)
#20 /home/letellier/LaravelProject/projetTest/vendor/laravel/framework/src/Illuminate/Console/Command.php(180): Illuminate\\Container\\Container->call(Array)
#21 /home/letellier/LaravelProject/projetTest/vendor/symfony/console/Command/Command.php(264): Illuminate\\Console\\Command->execute(Object(Symfony\\Component\\Console\\Input\\ArgvInput), Object(Illuminate\\Console\\OutputStyle))
#22 /home/letellier/LaravelProject/projetTest/vendor/laravel/framework/src/Illuminate/Console/Command.php(167): Symfony\\Component\\Console\\Command\\Command->run(Object(Symfony\\Component\\Console\\Input\\ArgvInput), Object(Illuminate\\Console\\OutputStyle))
#23 /home/letellier/LaravelProject/projetTest/vendor/symfony/console/Application.php(888): Illuminate\\Console\\Command->run(Object(Symfony\\Component\\Console\\Input\\ArgvInput), Object(Symfony\\Component\\Console\\Output\\ConsoleOutput))
#24 /home/letellier/LaravelProject/projetTest/vendor/symfony/console/Application.php(224): Symfony\\Component\\Console\\Application->doRunCommand(Object(Illuminate\\Database\\Console\\Migrations\\InstallCommand), Object(Symfony\\Component\\Console\\Input\\ArgvInput), Object(Symfony\\Component\\Console\\Output\\ConsoleOutput))
#25 /home/letellier/LaravelProject/projetTest/vendor/symfony/console/Application.php(125): Symfony\\Component\\Console\\Application->doRun(Object(Symfony\\Component\\Console\\Input\\ArgvInput), Object(Symfony\\Component\\Console\\Output\\ConsoleOutput))
#26 /home/letellier/LaravelProject/projetTest/vendor/laravel/framework/src/Illuminate/Console/Application.php(88): Symfony\\Component\\Console\\Application->run(Object(Symfony\\Component\\Console\\Input\\ArgvInput), Object(Symfony\\Component\\Console\\Output\\ConsoleOutput))
#27 /home/letellier/LaravelProject/projetTest/vendor/laravel/framework/src/Illuminate/Foundation/Console/Kernel.php(121): Illuminate\\Console\\Application->run(Object(Symfony\\Component\\Console\\Input\\ArgvInput), Object(Symfony\\Component\\Console\\Output\\ConsoleOutput))
#28 /home/letellier/LaravelProject/projetTest/artisan(37): Illuminate\\Foundation\\Console\\Kernel->handle(Object(Symfony\\Component\\Console\\Input\\ArgvInput), Object(Symfony\\Component\\Console\\Output\\ConsoleOutput))
#29 {main}
"} 
[2017-09-27 07:59:08] local.ERROR: SQLSTATE[HY000] [1045] Access denied for user 'homestead'@'localhost' (using password: YES) (SQL: create table `migrations` (`id` int unsigned not null auto_increment primary key, `migration` varchar(255) not null, `batch` int not null) default character set utf8mb4 collate utf8mb4_unicode_ci) {"exception":"[object] (Illuminate\\Database\\QueryException(code: 1045): SQLSTATE[HY000] [1045] Access denied for user 'homestead'@'localhost' (using password: YES) (SQL: create table `migrations` (`id` int unsigned not null auto_increment primary key, `migration` varchar(255) not null, `batch` int not null) default character set utf8mb4 collate utf8mb4_unicode_ci) at /home/letellier/LaravelProject/projetTest/vendor/laravel/framework/src/Illuminate/Database/Connection.php:664, PDOException(code: 1045): SQLSTATE[HY000] [1045] Access denied for user 'homestead'@'localhost' (using password: YES) at /home/letellier/LaravelProject/projetTest/vendor/laravel/framework/src/Illuminate/Database/Connectors/Connector.php:67)
[stacktrace]
#0 /home/letellier/LaravelProject/projetTest/vendor/laravel/framework/src/Illuminate/Database/Connection.php(624): Illuminate\\Database\\Connection->runQueryCallback('create table `m...', Array, Object(Closure))
#1 /home/letellier/LaravelProject/projetTest/vendor/laravel/framework/src/Illuminate/Database/Connection.php(459): Illuminate\\Database\\Connection->run('create table `m...', Array, Object(Closure))
#2 /home/letellier/LaravelProject/projetTest/vendor/laravel/framework/src/Illuminate/Database/Schema/Blueprint.php(86): Illuminate\\Database\\Connection->statement('create table `m...')
#3 /home/letellier/LaravelProject/projetTest/vendor/laravel/framework/src/Illuminate/Database/Schema/Builder.php(252): Illuminate\\Database\\Schema\\Blueprint->build(Object(Illuminate\\Database\\MySqlConnection), Object(Illuminate\\Database\\Schema\\Grammars\\MySqlGrammar))
#4 /home/letellier/LaravelProject/projetTest/vendor/laravel/framework/src/Illuminate/Database/Schema/Builder.php(165): Illuminate\\Database\\Schema\\Builder->build(Object(Illuminate\\Database\\Schema\\Blueprint))
#5 /home/letellier/LaravelProject/projetTest/vendor/laravel/framework/src/Illuminate/Database/Migrations/DatabaseMigrationRepository.php(144): Illuminate\\Database\\Schema\\Builder->create('migrations', Object(Closure))
#6 /home/letellier/LaravelProject/projetTest/vendor/laravel/framework/src/Illuminate/Database/Console/Migrations/InstallCommand.php(54): Illuminate\\Database\\Migrations\\DatabaseMigrationRepository->createRepository()
#7 [internal function]: Illuminate\\Database\\Console\\Migrations\\InstallCommand->handle()
#8 /home/letellier/LaravelProject/projetTest/vendor/laravel/framework/src/Illuminate/Container/BoundMethod.php(29): call_user_func_array(Array, Array)
#9 /home/letellier/LaravelProject/projetTest/vendor/laravel/framework/src/Illuminate/Container/BoundMethod.php(87): Illuminate\\Container\\BoundMethod::Illuminate\\Container\\{closure}()
#10 /home/letellier/LaravelProject/projetTest/vendor/laravel/framework/src/Illuminate/Container/BoundMethod.php(31): Illuminate\\Container\\BoundMethod::callBoundMethod(Object(Illuminate\\Foundation\\Application), Array, Object(Closure))
#11 /home/letellier/LaravelProject/projetTest/vendor/laravel/framework/src/Illuminate/Container/Container.php(549): Illuminate\\Container\\BoundMethod::call(Object(Illuminate\\Foundation\\Application), Array, Array, NULL)
#12 /home/letellier/LaravelProject/projetTest/vendor/laravel/framework/src/Illuminate/Console/Command.php(180): Illuminate\\Container\\Container->call(Array)
#13 /home/letellier/LaravelProject/projetTest/vendor/symfony/console/Command/Command.php(264): Illuminate\\Console\\Command->execute(Object(Symfony\\Component\\Console\\Input\\ArgvInput), Object(Illuminate\\Console\\OutputStyle))
#14 /home/letellier/LaravelProject/projetTest/vendor/laravel/framework/src/Illuminate/Console/Command.php(167): Symfony\\Component\\Console\\Command\\Command->run(Object(Symfony\\Component\\Console\\Input\\ArgvInput), Object(Illuminate\\Console\\OutputStyle))
#15 /home/letellier/LaravelProject/projetTest/vendor/symfony/console/Application.php(888): Illuminate\\Console\\Command->run(Object(Symfony\\Component\\Console\\Input\\ArgvInput), Object(Symfony\\Component\\Console\\Output\\ConsoleOutput))
#16 /home/letellier/LaravelProject/projetTest/vendor/symfony/console/Application.php(224): Symfony\\Component\\Console\\Application->doRunCommand(Object(Illuminate\\Database\\Console\\Migrations\\InstallCommand), Object(Symfony\\Component\\Console\\Input\\ArgvInput), Object(Symfony\\Component\\Console\\Output\\ConsoleOutput))
#17 /home/letellier/LaravelProject/projetTest/vendor/symfony/console/Application.php(125): Symfony\\Component\\Console\\Application->doRun(Object(Symfony\\Component\\Console\\Input\\ArgvInput), Object(Symfony\\Component\\Console\\Output\\ConsoleOutput))
#18 /home/letellier/LaravelProject/projetTest/vendor/laravel/framework/src/Illuminate/Console/Application.php(88): Symfony\\Component\\Console\\Application->run(Object(Symfony\\Component\\Console\\Input\\ArgvInput), Object(Symfony\\Component\\Console\\Output\\ConsoleOutput))
#19 /home/letellier/LaravelProject/projetTest/vendor/laravel/framework/src/Illuminate/Foundation/Console/Kernel.php(121): Illuminate\\Console\\Application->run(Object(Symfony\\Component\\Console\\Input\\ArgvInput), Object(Symfony\\Component\\Console\\Output\\ConsoleOutput))
#20 /home/letellier/LaravelProject/projetTest/artisan(37): Illuminate\\Foundation\\Console\\Kernel->handle(Object(Symfony\\Component\\Console\\Input\\ArgvInput), Object(Symfony\\Component\\Console\\Output\\ConsoleOutput))
#21 {main}
"} 
[2017-09-27 12:31:14] local.ERROR: Parse error: syntax error, unexpected '->' (T_OBJECT_OPERATOR) {"exception":"[object] (Symfony\\Component\\Debug\\Exception\\FatalThrowableError(code: 0): Parse error: syntax error, unexpected '->' (T_OBJECT_OPERATOR) at /home/letellier/LaravelProject/projetTest/routes/web.php:16)
[stacktrace]
#0 /home/letellier/LaravelProject/projetTest/vendor/laravel/framework/src/Illuminate/Routing/Router.php(336): Illuminate\\Routing\\Router->loadRoutes('/home/letellier...')
#1 /home/letellier/LaravelProject/projetTest/vendor/laravel/framework/src/Illuminate/Routing/RouteRegistrar.php(105): Illuminate\\Routing\\Router->group(Array, '/home/letellier...')
#2 /home/letellier/LaravelProject/projetTest/app/Providers/RouteServiceProvider.php(56): Illuminate\\Routing\\RouteRegistrar->group('/home/letellier...')
#3 /home/letellier/LaravelProject/projetTest/app/Providers/RouteServiceProvider.php(40): App\\Providers\\RouteServiceProvider->mapWebRoutes()
#4 [internal function]: App\\Providers\\RouteServiceProvider->map()
#5 /home/letellier/LaravelProject/projetTest/vendor/laravel/framework/src/Illuminate/Container/BoundMethod.php(29): call_user_func_array(Array, Array)
#6 /home/letellier/LaravelProject/projetTest/vendor/laravel/framework/src/Illuminate/Container/BoundMethod.php(87): Illuminate\\Container\\BoundMethod::Illuminate\\Container\\{closure}()
#7 /home/letellier/LaravelProject/projetTest/vendor/laravel/framework/src/Illuminate/Container/BoundMethod.php(31): Illuminate\\Container\\BoundMethod::callBoundMethod(Object(Illuminate\\Foundation\\Application), Array, Object(Closure))
#8 /home/letellier/LaravelProject/projetTest/vendor/laravel/framework/src/Illuminate/Container/Container.php(549): Illuminate\\Container\\BoundMethod::call(Object(Illuminate\\Foundation\\Application), Array, Array, NULL)
#9 /home/letellier/LaravelProject/projetTest/vendor/laravel/framework/src/Illuminate/Foundation/Support/Providers/RouteServiceProvider.php(74): Illuminate\\Container\\Container->call(Array)
#10 /home/letellier/LaravelProject/projetTest/vendor/laravel/framework/src/Illuminate/Foundation/Support/Providers/RouteServiceProvider.php(33): Illuminate\\Foundation\\Support\\Providers\\RouteServiceProvider->loadRoutes()
#11 /home/letellier/LaravelProject/projetTest/app/Providers/RouteServiceProvider.php(28): Illuminate\\Foundation\\Support\\Providers\\RouteServiceProvider->boot()
#12 [internal function]: App\\Providers\\RouteServiceProvider->boot()
#13 /home/letellier/LaravelProject/projetTest/vendor/laravel/framework/src/Illuminate/Container/BoundMethod.php(29): call_user_func_array(Array, Array)
#14 /home/letellier/LaravelProject/projetTest/vendor/laravel/framework/src/Illuminate/Container/BoundMethod.php(87): Illuminate\\Container\\BoundMethod::Illuminate\\Container\\{closure}()
#15 /home/letellier/LaravelProject/projetTest/vendor/laravel/framework/src/Illuminate/Container/BoundMethod.php(31): Illuminate\\Container\\BoundMethod::callBoundMethod(Object(Illuminate\\Foundation\\Application), Array, Object(Closure))
#16 /home/letellier/LaravelProject/projetTest/vendor/laravel/framework/src/Illuminate/Container/Container.php(549): Illuminate\\Container\\BoundMethod::call(Object(Illuminate\\Foundation\\Application), Array, Array, NULL)
#17 /home/letellier/LaravelProject/projetTest/vendor/laravel/framework/src/Illuminate/Foundation/Application.php(781): Illuminate\\Container\\Container->call(Array)
#18 /home/letellier/LaravelProject/projetTest/vendor/laravel/framework/src/Illuminate/Foundation/Application.php(764): Illuminate\\Foundation\\Application->bootProvider(Object(App\\Providers\\RouteServiceProvider))
#19 [internal function]: Illuminate\\Foundation\\Application->Illuminate\\Foundation\\{closure}(Object(App\\Providers\\RouteServiceProvider), 18)
#20 /home/letellier/LaravelProject/projetTest/vendor/laravel/framework/src/Illuminate/Foundation/Application.php(765): array_walk(Array, Object(Closure))
#21 /home/letellier/LaravelProject/projetTest/vendor/laravel/framework/src/Illuminate/Foundation/Bootstrap/BootProviders.php(17): Illuminate\\Foundation\\Application->boot()
#22 /home/letellier/LaravelProject/projetTest/vendor/laravel/framework/src/Illuminate/Foundation/Application.php(213): Illuminate\\Foundation\\Bootstrap\\BootProviders->bootstrap(Object(Illuminate\\Foundation\\Application))
#23 /home/letellier/LaravelProject/projetTest/vendor/laravel/framework/src/Illuminate/Foundation/Console/Kernel.php(296): Illuminate\\Foundation\\Application->bootstrapWith(Array)
#24 /home/letellier/LaravelProject/projetTest/vendor/laravel/framework/src/Illuminate/Foundation/Console/Kernel.php(119): Illuminate\\Foundation\\Console\\Kernel->bootstrap()
#25 /home/letellier/LaravelProject/projetTest/artisan(37): Illuminate\\Foundation\\Console\\Kernel->handle(Object(Symfony\\Component\\Console\\Input\\ArgvInput), Object(Symfony\\Component\\Console\\Output\\ConsoleOutput))
#26 {main}
"} 
[2017-09-27 13:12:35] local.ERROR: The "--ressource" option does not exist. {"exception":"[object] (Symfony\\Component\\Console\\Exception\\RuntimeException(code: 0): The \"--ressource\" option does not exist. at /home/letellier/LaravelProject/projetTest/vendor/symfony/console/Input/ArgvInput.php:224)
[stacktrace]
#0 /home/letellier/LaravelProject/projetTest/vendor/symfony/console/Input/ArgvInput.php(160): Symfony\\Component\\Console\\Input\\ArgvInput->addLongOption('ressource', NULL)
#1 /home/letellier/LaravelProject/projetTest/vendor/symfony/console/Input/ArgvInput.php(84): Symfony\\Component\\Console\\Input\\ArgvInput->parseLongOption('--ressource')
#2 /home/letellier/LaravelProject/projetTest/vendor/symfony/console/Input/Input.php(63): Symfony\\Component\\Console\\Input\\ArgvInput->parse()
#3 /home/letellier/LaravelProject/projetTest/vendor/symfony/console/Command/Command.php(222): Symfony\\Component\\Console\\Input\\Input->bind(Object(Symfony\\Component\\Console\\Input\\InputDefinition))
#4 /home/letellier/LaravelProject/projetTest/vendor/laravel/framework/src/Illuminate/Console/Command.php(167): Symfony\\Component\\Console\\Command\\Command->run(Object(Symfony\\Component\\Console\\Input\\ArgvInput), Object(Illuminate\\Console\\OutputStyle))
#5 /home/letellier/LaravelProject/projetTest/vendor/symfony/console/Application.php(888): Illuminate\\Console\\Command->run(Object(Symfony\\Component\\Console\\Input\\ArgvInput), Object(Symfony\\Component\\Console\\Output\\ConsoleOutput))
#6 /home/letellier/LaravelProject/projetTest/vendor/symfony/console/Application.php(224): Symfony\\Component\\Console\\Application->doRunCommand(Object(Illuminate\\Routing\\Console\\ControllerMakeCommand), Object(Symfony\\Component\\Console\\Input\\ArgvInput), Object(Symfony\\Component\\Console\\Output\\ConsoleOutput))
#7 /home/letellier/LaravelProject/projetTest/vendor/symfony/console/Application.php(125): Symfony\\Component\\Console\\Application->doRun(Object(Symfony\\Component\\Console\\Input\\ArgvInput), Object(Symfony\\Component\\Console\\Output\\ConsoleOutput))
#8 /home/letellier/LaravelProject/projetTest/vendor/laravel/framework/src/Illuminate/Console/Application.php(88): Symfony\\Component\\Console\\Application->run(Object(Symfony\\Component\\Console\\Input\\ArgvInput), Object(Symfony\\Component\\Console\\Output\\ConsoleOutput))
#9 /home/letellier/LaravelProject/projetTest/vendor/laravel/framework/src/Illuminate/Foundation/Console/Kernel.php(121): Illuminate\\Console\\Application->run(Object(Symfony\\Component\\Console\\Input\\ArgvInput), Object(Symfony\\Component\\Console\\Output\\ConsoleOutput))
#10 /home/letellier/LaravelProject/projetTest/artisan(37): Illuminate\\Foundation\\Console\\Kernel->handle(Object(Symfony\\Component\\Console\\Input\\ArgvInput), Object(Symfony\\Component\\Console\\Output\\ConsoleOutput))
#11 {main}
"} 
[2017-09-27 13:13:03] local.ERROR: The "--ressource" option does not exist. {"exception":"[object] (Symfony\\Component\\Console\\Exception\\RuntimeException(code: 0): The \"--ressource\" option does not exist. at /home/letellier/LaravelProject/projetTest/vendor/symfony/console/Input/ArgvInput.php:224)
[stacktrace]
#0 /home/letellier/LaravelProject/projetTest/vendor/symfony/console/Input/ArgvInput.php(160): Symfony\\Component\\Console\\Input\\ArgvInput->addLongOption('ressource', NULL)
#1 /home/letellier/LaravelProject/projetTest/vendor/symfony/console/Input/ArgvInput.php(84): Symfony\\Component\\Console\\Input\\ArgvInput->parseLongOption('--ressource')
#2 /home/letellier/LaravelProject/projetTest/vendor/symfony/console/Input/Input.php(63): Symfony\\Component\\Console\\Input\\ArgvInput->parse()
#3 /home/letellier/LaravelProject/projetTest/vendor/symfony/console/Command/Command.php(222): Symfony\\Component\\Console\\Input\\Input->bind(Object(Symfony\\Component\\Console\\Input\\InputDefinition))
#4 /home/letellier/LaravelProject/projetTest/vendor/laravel/framework/src/Illuminate/Console/Command.php(167): Symfony\\Component\\Console\\Command\\Command->run(Object(Symfony\\Component\\Console\\Input\\ArgvInput), Object(Illuminate\\Console\\OutputStyle))
#5 /home/letellier/LaravelProject/projetTest/vendor/symfony/console/Application.php(888): Illuminate\\Console\\Command->run(Object(Symfony\\Component\\Console\\Input\\ArgvInput), Object(Symfony\\Component\\Console\\Output\\ConsoleOutput))
#6 /home/letellier/LaravelProject/projetTest/vendor/symfony/console/Application.php(224): Symfony\\Component\\Console\\Application->doRunCommand(Object(Illuminate\\Routing\\Console\\ControllerMakeCommand), Object(Symfony\\Component\\Console\\Input\\ArgvInput), Object(Symfony\\Component\\Console\\Output\\ConsoleOutput))
#7 /home/letellier/LaravelProject/projetTest/vendor/symfony/console/Application.php(125): Symfony\\Component\\Console\\Application->doRun(Object(Symfony\\Component\\Console\\Input\\ArgvInput), Object(Symfony\\Component\\Console\\Output\\ConsoleOutput))
#8 /home/letellier/LaravelProject/projetTest/vendor/laravel/framework/src/Illuminate/Console/Application.php(88): Symfony\\Component\\Console\\Application->run(Object(Symfony\\Component\\Console\\Input\\ArgvInput), Object(Symfony\\Component\\Console\\Output\\ConsoleOutput))
#9 /home/letellier/LaravelProject/projetTest/vendor/laravel/framework/src/Illuminate/Foundation/Console/Kernel.php(121): Illuminate\\Console\\Application->run(Object(Symfony\\Component\\Console\\Input\\ArgvInput), Object(Symfony\\Component\\Console\\Output\\ConsoleOutput))
#10 /home/letellier/LaravelProject/projetTest/artisan(37): Illuminate\\Foundation\\Console\\Kernel->handle(Object(Symfony\\Component\\Console\\Input\\ArgvInput), Object(Symfony\\Component\\Console\\Output\\ConsoleOutput))
#11 {main}
"} 
[2017-09-27 13:44:19] local.ERROR: The "-*" option does not exist. {"exception":"[object] (Symfony\\Component\\Console\\Exception\\RuntimeException(code: 0): The \"-*\" option does not exist. at /home/letellier/LaravelProject/projetTest/vendor/symfony/console/Input/ArgvInput.php:126)
[stacktrace]
#0 /home/letellier/LaravelProject/projetTest/vendor/symfony/console/Input/ArgvInput.php(107): Symfony\\Component\\Console\\Input\\ArgvInput->parseShortOptionSet('r*')
#1 /home/letellier/LaravelProject/projetTest/vendor/symfony/console/Input/ArgvInput.php(86): Symfony\\Component\\Console\\Input\\ArgvInput->parseShortOption('-r*')
#2 /home/letellier/LaravelProject/projetTest/vendor/symfony/console/Input/Input.php(63): Symfony\\Component\\Console\\Input\\ArgvInput->parse()
#3 /home/letellier/LaravelProject/projetTest/vendor/symfony/console/Command/Command.php(222): Symfony\\Component\\Console\\Input\\Input->bind(Object(Symfony\\Component\\Console\\Input\\InputDefinition))
#4 /home/letellier/LaravelProject/projetTest/vendor/laravel/framework/src/Illuminate/Console/Command.php(167): Symfony\\Component\\Console\\Command\\Command->run(Object(Symfony\\Component\\Console\\Input\\ArgvInput), Object(Illuminate\\Console\\OutputStyle))
#5 /home/letellier/LaravelProject/projetTest/vendor/symfony/console/Application.php(888): Illuminate\\Console\\Command->run(Object(Symfony\\Component\\Console\\Input\\ArgvInput), Object(Symfony\\Component\\Console\\Output\\ConsoleOutput))
#6 /home/letellier/LaravelProject/projetTest/vendor/symfony/console/Application.php(224): Symfony\\Component\\Console\\Application->doRunCommand(Object(Illuminate\\Foundation\\Console\\RouteListCommand), Object(Symfony\\Component\\Console\\Input\\ArgvInput), Object(Symfony\\Component\\Console\\Output\\ConsoleOutput))
#7 /home/letellier/LaravelProject/projetTest/vendor/symfony/console/Application.php(125): Symfony\\Component\\Console\\Application->doRun(Object(Symfony\\Component\\Console\\Input\\ArgvInput), Object(Symfony\\Component\\Console\\Output\\ConsoleOutput))
#8 /home/letellier/LaravelProject/projetTest/vendor/laravel/framework/src/Illuminate/Console/Application.php(88): Symfony\\Component\\Console\\Application->run(Object(Symfony\\Component\\Console\\Input\\ArgvInput), Object(Symfony\\Component\\Console\\Output\\ConsoleOutput))
#9 /home/letellier/LaravelProject/projetTest/vendor/laravel/framework/src/Illuminate/Foundation/Console/Kernel.php(121): Illuminate\\Console\\Application->run(Object(Symfony\\Component\\Console\\Input\\ArgvInput), Object(Symfony\\Component\\Console\\Output\\ConsoleOutput))
#10 /home/letellier/LaravelProject/projetTest/artisan(37): Illuminate\\Foundation\\Console\\Kernel->handle(Object(Symfony\\Component\\Console\\Input\\ArgvInput), Object(Symfony\\Component\\Console\\Output\\ConsoleOutput))
#11 {main}
"} 
[2017-09-27 13:44:22] local.ERROR: Class App\Http\Controllers\CommentsController does not exist {"exception":"[object] (ReflectionException(code: -1): Class App\\Http\\Controllers\\CommentsController does not exist at /home/letellier/LaravelProject/projetTest/vendor/laravel/framework/src/Illuminate/Container/Container.php:752)
[stacktrace]
#0 /home/letellier/LaravelProject/projetTest/vendor/laravel/framework/src/Illuminate/Container/Container.php(752): ReflectionClass->__construct('App\\\\Http\\\\Contro...')
#1 /home/letellier/LaravelProject/projetTest/vendor/laravel/framework/src/Illuminate/Container/Container.php(631): Illuminate\\Container\\Container->build('App\\\\Http\\\\Contro...')
#2 /home/letellier/LaravelProject/projetTest/vendor/laravel/framework/src/Illuminate/Container/Container.php(586): Illuminate\\Container\\Container->resolve('App\\\\Http\\\\Contro...', Array)
#3 /home/letellier/LaravelProject/projetTest/vendor/laravel/framework/src/Illuminate/Foundation/Application.php(721): Illuminate\\Container\\Container->make('App\\\\Http\\\\Contro...', Array)
#4 /home/letellier/LaravelProject/projetTest/vendor/laravel/framework/src/Illuminate/Routing/Route.php(226): Illuminate\\Foundation\\Application->make('App\\\\Http\\\\Contro...')
#5 /home/letellier/LaravelProject/projetTest/vendor/laravel/framework/src/Illuminate/Routing/Route.php(796): Illuminate\\Routing\\Route->getController()
#6 /home/letellier/LaravelProject/projetTest/vendor/laravel/framework/src/Illuminate/Routing/Route.php(757): Illuminate\\Routing\\Route->controllerMiddleware()
#7 /home/letellier/LaravelProject/projetTest/vendor/laravel/framework/src/Illuminate/Foundation/Console/RouteListCommand.php(151): Illuminate\\Routing\\Route->gatherMiddleware()
#8 /home/letellier/LaravelProject/projetTest/vendor/laravel/framework/src/Illuminate/Foundation/Console/RouteListCommand.php(114): Illuminate\\Foundation\\Console\\RouteListCommand->getMiddleware(Object(Illuminate\\Routing\\Route))
#9 /home/letellier/LaravelProject/projetTest/vendor/laravel/framework/src/Illuminate/Foundation/Console/RouteListCommand.php(86): Illuminate\\Foundation\\Console\\RouteListCommand->getRouteInformation(Object(Illuminate\\Routing\\Route))
#10 [internal function]: Illuminate\\Foundation\\Console\\RouteListCommand->Illuminate\\Foundation\\Console\\{closure}(Object(Illuminate\\Routing\\Route), 2)
#11 /home/letellier/LaravelProject/projetTest/vendor/laravel/framework/src/Illuminate/Support/Collection.php(833): array_map(Object(Closure), Array, Array)
#12 /home/letellier/LaravelProject/projetTest/vendor/laravel/framework/src/Illuminate/Foundation/Console/RouteListCommand.php(87): Illuminate\\Support\\Collection->map(Object(Closure))
#13 /home/letellier/LaravelProject/projetTest/vendor/laravel/framework/src/Illuminate/Foundation/Console/RouteListCommand.php(75): Illuminate\\Foundation\\Console\\RouteListCommand->getRoutes()
#14 [internal function]: Illuminate\\Foundation\\Console\\RouteListCommand->handle()
#15 /home/letellier/LaravelProject/projetTest/vendor/laravel/framework/src/Illuminate/Container/BoundMethod.php(29): call_user_func_array(Array, Array)
#16 /home/letellier/LaravelProject/projetTest/vendor/laravel/framework/src/Illuminate/Container/BoundMethod.php(87): Illuminate\\Container\\BoundMethod::Illuminate\\Container\\{closure}()
#17 /home/letellier/LaravelProject/projetTest/vendor/laravel/framework/src/Illuminate/Container/BoundMethod.php(31): Illuminate\\Container\\BoundMethod::callBoundMethod(Object(Illuminate\\Foundation\\Application), Array, Object(Closure))
#18 /home/letellier/LaravelProject/projetTest/vendor/laravel/framework/src/Illuminate/Container/Container.php(549): Illuminate\\Container\\BoundMethod::call(Object(Illuminate\\Foundation\\Application), Array, Array, NULL)
#19 /home/letellier/LaravelProject/projetTest/vendor/laravel/framework/src/Illuminate/Console/Command.php(180): Illuminate\\Container\\Container->call(Array)
#20 /home/letellier/LaravelProject/projetTest/vendor/symfony/console/Command/Command.php(264): Illuminate\\Console\\Command->execute(Object(Symfony\\Component\\Console\\Input\\ArgvInput), Object(Illuminate\\Console\\OutputStyle))
#21 /home/letellier/LaravelProject/projetTest/vendor/laravel/framework/src/Illuminate/Console/Command.php(167): Symfony\\Component\\Console\\Command\\Command->run(Object(Symfony\\Component\\Console\\Input\\ArgvInput), Object(Illuminate\\Console\\OutputStyle))
#22 /home/letellier/LaravelProject/projetTest/vendor/symfony/console/Application.php(888): Illuminate\\Console\\Command->run(Object(Symfony\\Component\\Console\\Input\\ArgvInput), Object(Symfony\\Component\\Console\\Output\\ConsoleOutput))
#23 /home/letellier/LaravelProject/projetTest/vendor/symfony/console/Application.php(224): Symfony\\Component\\Console\\Application->doRunCommand(Object(Illuminate\\Foundation\\Console\\RouteListCommand), Object(Symfony\\Component\\Console\\Input\\ArgvInput), Object(Symfony\\Component\\Console\\Output\\ConsoleOutput))
#24 /home/letellier/LaravelProject/projetTest/vendor/symfony/console/Application.php(125): Symfony\\Component\\Console\\Application->doRun(Object(Symfony\\Component\\Console\\Input\\ArgvInput), Object(Symfony\\Component\\Console\\Output\\ConsoleOutput))
#25 /home/letellier/LaravelProject/projetTest/vendor/laravel/framework/src/Illuminate/Console/Application.php(88): Symfony\\Component\\Console\\Application->run(Object(Symfony\\Component\\Console\\Input\\ArgvInput), Object(Symfony\\Component\\Console\\Output\\ConsoleOutput))
#26 /home/letellier/LaravelProject/projetTest/vendor/laravel/framework/src/Illuminate/Foundation/Console/Kernel.php(121): Illuminate\\Console\\Application->run(Object(Symfony\\Component\\Console\\Input\\ArgvInput), Object(Symfony\\Component\\Console\\Output\\ConsoleOutput))
#27 /home/letellier/LaravelProject/projetTest/artisan(37): Illuminate\\Foundation\\Console\\Kernel->handle(Object(Symfony\\Component\\Console\\Input\\ArgvInput), Object(Symfony\\Component\\Console\\Output\\ConsoleOutput))
#28 {main}
"} 
[2017-09-27 13:44:54] local.ERROR: Parse error: syntax error, unexpected 'Route' (T_STRING), expecting function (T_FUNCTION) {"exception":"[object] (Symfony\\Component\\Debug\\Exception\\FatalThrowableError(code: 0): Parse error: syntax error, unexpected 'Route' (T_STRING), expecting function (T_FUNCTION) at /home/letellier/LaravelProject/projetTest/app/Http/Controllers/BackOfficeController.php:38)
[stacktrace]
#0 /home/letellier/LaravelProject/projetTest/vendor/composer/ClassLoader.php(322): Composer\\Autoload\\includeFile('/home/letellier...')
#1 [internal function]: Composer\\Autoload\\ClassLoader->loadClass('App\\\\Http\\\\Contro...')
#2 [internal function]: spl_autoload_call('App\\\\Http\\\\Contro...')
#3 /home/letellier/LaravelProject/projetTest/vendor/laravel/framework/src/Illuminate/Container/Container.php(752): ReflectionClass->__construct('App\\\\Http\\\\Contro...')
#4 /home/letellier/LaravelProject/projetTest/vendor/laravel/framework/src/Illuminate/Container/Container.php(631): Illuminate\\Container\\Container->build('App\\\\Http\\\\Contro...')
#5 /home/letellier/LaravelProject/projetTest/vendor/laravel/framework/src/Illuminate/Container/Container.php(586): Illuminate\\Container\\Container->resolve('App\\\\Http\\\\Contro...', Array)
#6 /home/letellier/LaravelProject/projetTest/vendor/laravel/framework/src/Illuminate/Foundation/Application.php(721): Illuminate\\Container\\Container->make('App\\\\Http\\\\Contro...', Array)
#7 /home/letellier/LaravelProject/projetTest/vendor/laravel/framework/src/Illuminate/Routing/Route.php(226): Illuminate\\Foundation\\Application->make('App\\\\Http\\\\Contro...')
#8 /home/letellier/LaravelProject/projetTest/vendor/laravel/framework/src/Illuminate/Routing/Route.php(796): Illuminate\\Routing\\Route->getController()
#9 /home/letellier/LaravelProject/projetTest/vendor/laravel/framework/src/Illuminate/Routing/Route.php(757): Illuminate\\Routing\\Route->controllerMiddleware()
#10 /home/letellier/LaravelProject/projetTest/vendor/laravel/framework/src/Illuminate/Foundation/Console/RouteListCommand.php(151): Illuminate\\Routing\\Route->gatherMiddleware()
#11 /home/letellier/LaravelProject/projetTest/vendor/laravel/framework/src/Illuminate/Foundation/Console/RouteListCommand.php(114): Illuminate\\Foundation\\Console\\RouteListCommand->getMiddleware(Object(Illuminate\\Routing\\Route))
#12 /home/letellier/LaravelProject/projetTest/vendor/laravel/framework/src/Illuminate/Foundation/Console/RouteListCommand.php(86): Illuminate\\Foundation\\Console\\RouteListCommand->getRouteInformation(Object(Illuminate\\Routing\\Route))
#13 [internal function]: Illuminate\\Foundation\\Console\\RouteListCommand->Illuminate\\Foundation\\Console\\{closure}(Object(Illuminate\\Routing\\Route), 2)
#14 /home/letellier/LaravelProject/projetTest/vendor/laravel/framework/src/Illuminate/Support/Collection.php(833): array_map(Object(Closure), Array, Array)
#15 /home/letellier/LaravelProject/projetTest/vendor/laravel/framework/src/Illuminate/Foundation/Console/RouteListCommand.php(87): Illuminate\\Support\\Collection->map(Object(Closure))
#16 /home/letellier/LaravelProject/projetTest/vendor/laravel/framework/src/Illuminate/Foundation/Console/RouteListCommand.php(75): Illuminate\\Foundation\\Console\\RouteListCommand->getRoutes()
#17 [internal function]: Illuminate\\Foundation\\Console\\RouteListCommand->handle()
#18 /home/letellier/LaravelProject/projetTest/vendor/laravel/framework/src/Illuminate/Container/BoundMethod.php(29): call_user_func_array(Array, Array)
#19 /home/letellier/LaravelProject/projetTest/vendor/laravel/framework/src/Illuminate/Container/BoundMethod.php(87): Illuminate\\Container\\BoundMethod::Illuminate\\Container\\{closure}()
#20 /home/letellier/LaravelProject/projetTest/vendor/laravel/framework/src/Illuminate/Container/BoundMethod.php(31): Illuminate\\Container\\BoundMethod::callBoundMethod(Object(Illuminate\\Foundation\\Application), Array, Object(Closure))
#21 /home/letellier/LaravelProject/projetTest/vendor/laravel/framework/src/Illuminate/Container/Container.php(549): Illuminate\\Container\\BoundMethod::call(Object(Illuminate\\Foundation\\Application), Array, Array, NULL)
#22 /home/letellier/LaravelProject/projetTest/vendor/laravel/framework/src/Illuminate/Console/Command.php(180): Illuminate\\Container\\Container->call(Array)
#23 /home/letellier/LaravelProject/projetTest/vendor/symfony/console/Command/Command.php(264): Illuminate\\Console\\Command->execute(Object(Symfony\\Component\\Console\\Input\\ArgvInput), Object(Illuminate\\Console\\OutputStyle))
#24 /home/letellier/LaravelProject/projetTest/vendor/laravel/framework/src/Illuminate/Console/Command.php(167): Symfony\\Component\\Console\\Command\\Command->run(Object(Symfony\\Component\\Console\\Input\\ArgvInput), Object(Illuminate\\Console\\OutputStyle))
#25 /home/letellier/LaravelProject/projetTest/vendor/symfony/console/Application.php(888): Illuminate\\Console\\Command->run(Object(Symfony\\Component\\Console\\Input\\ArgvInput), Object(Symfony\\Component\\Console\\Output\\ConsoleOutput))
#26 /home/letellier/LaravelProject/projetTest/vendor/symfony/console/Application.php(224): Symfony\\Component\\Console\\Application->doRunCommand(Object(Illuminate\\Foundation\\Console\\RouteListCommand), Object(Symfony\\Component\\Console\\Input\\ArgvInput), Object(Symfony\\Component\\Console\\Output\\ConsoleOutput))
#27 /home/letellier/LaravelProject/projetTest/vendor/symfony/console/Application.php(125): Symfony\\Component\\Console\\Application->doRun(Object(Symfony\\Component\\Console\\Input\\ArgvInput), Object(Symfony\\Component\\Console\\Output\\ConsoleOutput))
#28 /home/letellier/LaravelProject/projetTest/vendor/laravel/framework/src/Illuminate/Console/Application.php(88): Symfony\\Component\\Console\\Application->run(Object(Symfony\\Component\\Console\\Input\\ArgvInput), Object(Symfony\\Component\\Console\\Output\\ConsoleOutput))
#29 /home/letellier/LaravelProject/projetTest/vendor/laravel/framework/src/Illuminate/Foundation/Console/Kernel.php(121): Illuminate\\Console\\Application->run(Object(Symfony\\Component\\Console\\Input\\ArgvInput), Object(Symfony\\Component\\Console\\Output\\ConsoleOutput))
#30 /home/letellier/LaravelProject/projetTest/artisan(37): Illuminate\\Foundation\\Console\\Kernel->handle(Object(Symfony\\Component\\Console\\Input\\ArgvInput), Object(Symfony\\Component\\Console\\Output\\ConsoleOutput))
#31 {main}
"} 
[2017-09-27 13:45:17] local.ERROR: Parse error: syntax error, unexpected 'Route' (T_STRING), expecting function (T_FUNCTION) {"exception":"[object] (Symfony\\Component\\Debug\\Exception\\FatalThrowableError(code: 0): Parse error: syntax error, unexpected 'Route' (T_STRING), expecting function (T_FUNCTION) at /home/letellier/LaravelProject/projetTest/app/Http/Controllers/BackOfficeController.php:38)
[stacktrace]
#0 /home/letellier/LaravelProject/projetTest/vendor/composer/ClassLoader.php(322): Composer\\Autoload\\includeFile('/home/letellier...')
#1 [internal function]: Composer\\Autoload\\ClassLoader->loadClass('App\\\\Http\\\\Contro...')
#2 [internal function]: spl_autoload_call('App\\\\Http\\\\Contro...')
#3 /home/letellier/LaravelProject/projetTest/vendor/laravel/framework/src/Illuminate/Container/Container.php(752): ReflectionClass->__construct('App\\\\Http\\\\Contro...')
#4 /home/letellier/LaravelProject/projetTest/vendor/laravel/framework/src/Illuminate/Container/Container.php(631): Illuminate\\Container\\Container->build('App\\\\Http\\\\Contro...')
#5 /home/letellier/LaravelProject/projetTest/vendor/laravel/framework/src/Illuminate/Container/Container.php(586): Illuminate\\Container\\Container->resolve('App\\\\Http\\\\Contro...', Array)
#6 /home/letellier/LaravelProject/projetTest/vendor/laravel/framework/src/Illuminate/Foundation/Application.php(721): Illuminate\\Container\\Container->make('App\\\\Http\\\\Contro...', Array)
#7 /home/letellier/LaravelProject/projetTest/vendor/laravel/framework/src/Illuminate/Routing/Route.php(226): Illuminate\\Foundation\\Application->make('App\\\\Http\\\\Contro...')
#8 /home/letellier/LaravelProject/projetTest/vendor/laravel/framework/src/Illuminate/Routing/Route.php(796): Illuminate\\Routing\\Route->getController()
#9 /home/letellier/LaravelProject/projetTest/vendor/laravel/framework/src/Illuminate/Routing/Route.php(757): Illuminate\\Routing\\Route->controllerMiddleware()
#10 /home/letellier/LaravelProject/projetTest/vendor/laravel/framework/src/Illuminate/Foundation/Console/RouteListCommand.php(151): Illuminate\\Routing\\Route->gatherMiddleware()
#11 /home/letellier/LaravelProject/projetTest/vendor/laravel/framework/src/Illuminate/Foundation/Console/RouteListCommand.php(114): Illuminate\\Foundation\\Console\\RouteListCommand->getMiddleware(Object(Illuminate\\Routing\\Route))
#12 /home/letellier/LaravelProject/projetTest/vendor/laravel/framework/src/Illuminate/Foundation/Console/RouteListCommand.php(86): Illuminate\\Foundation\\Console\\RouteListCommand->getRouteInformation(Object(Illuminate\\Routing\\Route))
#13 [internal function]: Illuminate\\Foundation\\Console\\RouteListCommand->Illuminate\\Foundation\\Console\\{closure}(Object(Illuminate\\Routing\\Route), 2)
#14 /home/letellier/LaravelProject/projetTest/vendor/laravel/framework/src/Illuminate/Support/Collection.php(833): array_map(Object(Closure), Array, Array)
#15 /home/letellier/LaravelProject/projetTest/vendor/laravel/framework/src/Illuminate/Foundation/Console/RouteListCommand.php(87): Illuminate\\Support\\Collection->map(Object(Closure))
#16 /home/letellier/LaravelProject/projetTest/vendor/laravel/framework/src/Illuminate/Foundation/Console/RouteListCommand.php(75): Illuminate\\Foundation\\Console\\RouteListCommand->getRoutes()
#17 [internal function]: Illuminate\\Foundation\\Console\\RouteListCommand->handle()
#18 /home/letellier/LaravelProject/projetTest/vendor/laravel/framework/src/Illuminate/Container/BoundMethod.php(29): call_user_func_array(Array, Array)
#19 /home/letellier/LaravelProject/projetTest/vendor/laravel/framework/src/Illuminate/Container/BoundMethod.php(87): Illuminate\\Container\\BoundMethod::Illuminate\\Container\\{closure}()
#20 /home/letellier/LaravelProject/projetTest/vendor/laravel/framework/src/Illuminate/Container/BoundMethod.php(31): Illuminate\\Container\\BoundMethod::callBoundMethod(Object(Illuminate\\Foundation\\Application), Array, Object(Closure))
#21 /home/letellier/LaravelProject/projetTest/vendor/laravel/framework/src/Illuminate/Container/Container.php(549): Illuminate\\Container\\BoundMethod::call(Object(Illuminate\\Foundation\\Application), Array, Array, NULL)
#22 /home/letellier/LaravelProject/projetTest/vendor/laravel/framework/src/Illuminate/Console/Command.php(180): Illuminate\\Container\\Container->call(Array)
#23 /home/letellier/LaravelProject/projetTest/vendor/symfony/console/Command/Command.php(264): Illuminate\\Console\\Command->execute(Object(Symfony\\Component\\Console\\Input\\ArgvInput), Object(Illuminate\\Console\\OutputStyle))
#24 /home/letellier/LaravelProject/projetTest/vendor/laravel/framework/src/Illuminate/Console/Command.php(167): Symfony\\Component\\Console\\Command\\Command->run(Object(Symfony\\Component\\Console\\Input\\ArgvInput), Object(Illuminate\\Console\\OutputStyle))
#25 /home/letellier/LaravelProject/projetTest/vendor/symfony/console/Application.php(888): Illuminate\\Console\\Command->run(Object(Symfony\\Component\\Console\\Input\\ArgvInput), Object(Symfony\\Component\\Console\\Output\\ConsoleOutput))
#26 /home/letellier/LaravelProject/projetTest/vendor/symfony/console/Application.php(224): Symfony\\Component\\Console\\Application->doRunCommand(Object(Illuminate\\Foundation\\Console\\RouteListCommand), Object(Symfony\\Component\\Console\\Input\\ArgvInput), Object(Symfony\\Component\\Console\\Output\\ConsoleOutput))
#27 /home/letellier/LaravelProject/projetTest/vendor/symfony/console/Application.php(125): Symfony\\Component\\Console\\Application->doRun(Object(Symfony\\Component\\Console\\Input\\ArgvInput), Object(Symfony\\Component\\Console\\Output\\ConsoleOutput))
#28 /home/letellier/LaravelProject/projetTest/vendor/laravel/framework/src/Illuminate/Console/Application.php(88): Symfony\\Component\\Console\\Application->run(Object(Symfony\\Component\\Console\\Input\\ArgvInput), Object(Symfony\\Component\\Console\\Output\\ConsoleOutput))
#29 /home/letellier/LaravelProject/projetTest/vendor/laravel/framework/src/Illuminate/Foundation/Console/Kernel.php(121): Illuminate\\Console\\Application->run(Object(Symfony\\Component\\Console\\Input\\ArgvInput), Object(Symfony\\Component\\Console\\Output\\ConsoleOutput))
#30 /home/letellier/LaravelProject/projetTest/artisan(37): Illuminate\\Foundation\\Console\\Kernel->handle(Object(Symfony\\Component\\Console\\Input\\ArgvInput), Object(Symfony\\Component\\Console\\Output\\ConsoleOutput))
#31 {main}
"} 
[2017-09-27 13:45:57] local.ERROR: Parse error: syntax error, unexpected 'Route' (T_STRING), expecting function (T_FUNCTION) {"exception":"[object] (Symfony\\Component\\Debug\\Exception\\FatalThrowableError(code: 0): Parse error: syntax error, unexpected 'Route' (T_STRING), expecting function (T_FUNCTION) at /home/letellier/LaravelProject/projetTest/app/Http/Controllers/BackOfficeController.php:38)
[stacktrace]
#0 /home/letellier/LaravelProject/projetTest/vendor/composer/ClassLoader.php(322): Composer\\Autoload\\includeFile('/home/letellier...')
#1 [internal function]: Composer\\Autoload\\ClassLoader->loadClass('App\\\\Http\\\\Contro...')
#2 [internal function]: spl_autoload_call('App\\\\Http\\\\Contro...')
#3 /home/letellier/LaravelProject/projetTest/vendor/laravel/framework/src/Illuminate/Container/Container.php(752): ReflectionClass->__construct('App\\\\Http\\\\Contro...')
#4 /home/letellier/LaravelProject/projetTest/vendor/laravel/framework/src/Illuminate/Container/Container.php(631): Illuminate\\Container\\Container->build('App\\\\Http\\\\Contro...')
#5 /home/letellier/LaravelProject/projetTest/vendor/laravel/framework/src/Illuminate/Container/Container.php(586): Illuminate\\Container\\Container->resolve('App\\\\Http\\\\Contro...', Array)
#6 /home/letellier/LaravelProject/projetTest/vendor/laravel/framework/src/Illuminate/Foundation/Application.php(721): Illuminate\\Container\\Container->make('App\\\\Http\\\\Contro...', Array)
#7 /home/letellier/LaravelProject/projetTest/vendor/laravel/framework/src/Illuminate/Routing/Route.php(226): Illuminate\\Foundation\\Application->make('App\\\\Http\\\\Contro...')
#8 /home/letellier/LaravelProject/projetTest/vendor/laravel/framework/src/Illuminate/Routing/Route.php(796): Illuminate\\Routing\\Route->getController()
#9 /home/letellier/LaravelProject/projetTest/vendor/laravel/framework/src/Illuminate/Routing/Route.php(757): Illuminate\\Routing\\Route->controllerMiddleware()
#10 /home/letellier/LaravelProject/projetTest/vendor/laravel/framework/src/Illuminate/Foundation/Console/RouteListCommand.php(151): Illuminate\\Routing\\Route->gatherMiddleware()
#11 /home/letellier/LaravelProject/projetTest/vendor/laravel/framework/src/Illuminate/Foundation/Console/RouteListCommand.php(114): Illuminate\\Foundation\\Console\\RouteListCommand->getMiddleware(Object(Illuminate\\Routing\\Route))
#12 /home/letellier/LaravelProject/projetTest/vendor/laravel/framework/src/Illuminate/Foundation/Console/RouteListCommand.php(86): Illuminate\\Foundation\\Console\\RouteListCommand->getRouteInformation(Object(Illuminate\\Routing\\Route))
#13 [internal function]: Illuminate\\Foundation\\Console\\RouteListCommand->Illuminate\\Foundation\\Console\\{closure}(Object(Illuminate\\Routing\\Route), 2)
#14 /home/letellier/LaravelProject/projetTest/vendor/laravel/framework/src/Illuminate/Support/Collection.php(833): array_map(Object(Closure), Array, Array)
#15 /home/letellier/LaravelProject/projetTest/vendor/laravel/framework/src/Illuminate/Foundation/Console/RouteListCommand.php(87): Illuminate\\Support\\Collection->map(Object(Closure))
#16 /home/letellier/LaravelProject/projetTest/vendor/laravel/framework/src/Illuminate/Foundation/Console/RouteListCommand.php(75): Illuminate\\Foundation\\Console\\RouteListCommand->getRoutes()
#17 [internal function]: Illuminate\\Foundation\\Console\\RouteListCommand->handle()
#18 /home/letellier/LaravelProject/projetTest/vendor/laravel/framework/src/Illuminate/Container/BoundMethod.php(29): call_user_func_array(Array, Array)
#19 /home/letellier/LaravelProject/projetTest/vendor/laravel/framework/src/Illuminate/Container/BoundMethod.php(87): Illuminate\\Container\\BoundMethod::Illuminate\\Container\\{closure}()
#20 /home/letellier/LaravelProject/projetTest/vendor/laravel/framework/src/Illuminate/Container/BoundMethod.php(31): Illuminate\\Container\\BoundMethod::callBoundMethod(Object(Illuminate\\Foundation\\Application), Array, Object(Closure))
#21 /home/letellier/LaravelProject/projetTest/vendor/laravel/framework/src/Illuminate/Container/Container.php(549): Illuminate\\Container\\BoundMethod::call(Object(Illuminate\\Foundation\\Application), Array, Array, NULL)
#22 /home/letellier/LaravelProject/projetTest/vendor/laravel/framework/src/Illuminate/Console/Command.php(180): Illuminate\\Container\\Container->call(Array)
#23 /home/letellier/LaravelProject/projetTest/vendor/symfony/console/Command/Command.php(264): Illuminate\\Console\\Command->execute(Object(Symfony\\Component\\Console\\Input\\ArgvInput), Object(Illuminate\\Console\\OutputStyle))
#24 /home/letellier/LaravelProject/projetTest/vendor/laravel/framework/src/Illuminate/Console/Command.php(167): Symfony\\Component\\Console\\Command\\Command->run(Object(Symfony\\Component\\Console\\Input\\ArgvInput), Object(Illuminate\\Console\\OutputStyle))
#25 /home/letellier/LaravelProject/projetTest/vendor/symfony/console/Application.php(888): Illuminate\\Console\\Command->run(Object(Symfony\\Component\\Console\\Input\\ArgvInput), Object(Symfony\\Component\\Console\\Output\\ConsoleOutput))
#26 /home/letellier/LaravelProject/projetTest/vendor/symfony/console/Application.php(224): Symfony\\Component\\Console\\Application->doRunCommand(Object(Illuminate\\Foundation\\Console\\RouteListCommand), Object(Symfony\\Component\\Console\\Input\\ArgvInput), Object(Symfony\\Component\\Console\\Output\\ConsoleOutput))
#27 /home/letellier/LaravelProject/projetTest/vendor/symfony/console/Application.php(125): Symfony\\Component\\Console\\Application->doRun(Object(Symfony\\Component\\Console\\Input\\ArgvInput), Object(Symfony\\Component\\Console\\Output\\ConsoleOutput))
#28 /home/letellier/LaravelProject/projetTest/vendor/laravel/framework/src/Illuminate/Console/Application.php(88): Symfony\\Component\\Console\\Application->run(Object(Symfony\\Component\\Console\\Input\\ArgvInput), Object(Symfony\\Component\\Console\\Output\\ConsoleOutput))
#29 /home/letellier/LaravelProject/projetTest/vendor/laravel/framework/src/Illuminate/Foundation/Console/Kernel.php(121): Illuminate\\Console\\Application->run(Object(Symfony\\Component\\Console\\Input\\ArgvInput), Object(Symfony\\Component\\Console\\Output\\ConsoleOutput))
#30 /home/letellier/LaravelProject/projetTest/artisan(37): Illuminate\\Foundation\\Console\\Kernel->handle(Object(Symfony\\Component\\Console\\Input\\ArgvInput), Object(Symfony\\Component\\Console\\Output\\ConsoleOutput))
#31 {main}
"} 
[2017-09-27 13:48:21] local.ERROR: Class App\Http\Controllers\CommentsController does not exist {"exception":"[object] (ReflectionException(code: -1): Class App\\Http\\Controllers\\CommentsController does not exist at /home/letellier/LaravelProject/projetTest/vendor/laravel/framework/src/Illuminate/Container/Container.php:752)
[stacktrace]
#0 /home/letellier/LaravelProject/projetTest/vendor/laravel/framework/src/Illuminate/Container/Container.php(752): ReflectionClass->__construct('App\\\\Http\\\\Contro...')
#1 /home/letellier/LaravelProject/projetTest/vendor/laravel/framework/src/Illuminate/Container/Container.php(631): Illuminate\\Container\\Container->build('App\\\\Http\\\\Contro...')
#2 /home/letellier/LaravelProject/projetTest/vendor/laravel/framework/src/Illuminate/Container/Container.php(586): Illuminate\\Container\\Container->resolve('App\\\\Http\\\\Contro...', Array)
#3 /home/letellier/LaravelProject/projetTest/vendor/laravel/framework/src/Illuminate/Foundation/Application.php(721): Illuminate\\Container\\Container->make('App\\\\Http\\\\Contro...', Array)
#4 /home/letellier/LaravelProject/projetTest/vendor/laravel/framework/src/Illuminate/Routing/Route.php(226): Illuminate\\Foundation\\Application->make('App\\\\Http\\\\Contro...')
#5 /home/letellier/LaravelProject/projetTest/vendor/laravel/framework/src/Illuminate/Routing/Route.php(796): Illuminate\\Routing\\Route->getController()
#6 /home/letellier/LaravelProject/projetTest/vendor/laravel/framework/src/Illuminate/Routing/Route.php(757): Illuminate\\Routing\\Route->controllerMiddleware()
#7 /home/letellier/LaravelProject/projetTest/vendor/laravel/framework/src/Illuminate/Foundation/Console/RouteListCommand.php(151): Illuminate\\Routing\\Route->gatherMiddleware()
#8 /home/letellier/LaravelProject/projetTest/vendor/laravel/framework/src/Illuminate/Foundation/Console/RouteListCommand.php(114): Illuminate\\Foundation\\Console\\RouteListCommand->getMiddleware(Object(Illuminate\\Routing\\Route))
#9 /home/letellier/LaravelProject/projetTest/vendor/laravel/framework/src/Illuminate/Foundation/Console/RouteListCommand.php(86): Illuminate\\Foundation\\Console\\RouteListCommand->getRouteInformation(Object(Illuminate\\Routing\\Route))
#10 [internal function]: Illuminate\\Foundation\\Console\\RouteListCommand->Illuminate\\Foundation\\Console\\{closure}(Object(Illuminate\\Routing\\Route), 2)
#11 /home/letellier/LaravelProject/projetTest/vendor/laravel/framework/src/Illuminate/Support/Collection.php(833): array_map(Object(Closure), Array, Array)
#12 /home/letellier/LaravelProject/projetTest/vendor/laravel/framework/src/Illuminate/Foundation/Console/RouteListCommand.php(87): Illuminate\\Support\\Collection->map(Object(Closure))
#13 /home/letellier/LaravelProject/projetTest/vendor/laravel/framework/src/Illuminate/Foundation/Console/RouteListCommand.php(75): Illuminate\\Foundation\\Console\\RouteListCommand->getRoutes()
#14 [internal function]: Illuminate\\Foundation\\Console\\RouteListCommand->handle()
#15 /home/letellier/LaravelProject/projetTest/vendor/laravel/framework/src/Illuminate/Container/BoundMethod.php(29): call_user_func_array(Array, Array)
#16 /home/letellier/LaravelProject/projetTest/vendor/laravel/framework/src/Illuminate/Container/BoundMethod.php(87): Illuminate\\Container\\BoundMethod::Illuminate\\Container\\{closure}()
#17 /home/letellier/LaravelProject/projetTest/vendor/laravel/framework/src/Illuminate/Container/BoundMethod.php(31): Illuminate\\Container\\BoundMethod::callBoundMethod(Object(Illuminate\\Foundation\\Application), Array, Object(Closure))
#18 /home/letellier/LaravelProject/projetTest/vendor/laravel/framework/src/Illuminate/Container/Container.php(549): Illuminate\\Container\\BoundMethod::call(Object(Illuminate\\Foundation\\Application), Array, Array, NULL)
#19 /home/letellier/LaravelProject/projetTest/vendor/laravel/framework/src/Illuminate/Console/Command.php(180): Illuminate\\Container\\Container->call(Array)
#20 /home/letellier/LaravelProject/projetTest/vendor/symfony/console/Command/Command.php(264): Illuminate\\Console\\Command->execute(Object(Symfony\\Component\\Console\\Input\\ArgvInput), Object(Illuminate\\Console\\OutputStyle))
#21 /home/letellier/LaravelProject/projetTest/vendor/laravel/framework/src/Illuminate/Console/Command.php(167): Symfony\\Component\\Console\\Command\\Command->run(Object(Symfony\\Component\\Console\\Input\\ArgvInput), Object(Illuminate\\Console\\OutputStyle))
#22 /home/letellier/LaravelProject/projetTest/vendor/symfony/console/Application.php(888): Illuminate\\Console\\Command->run(Object(Symfony\\Component\\Console\\Input\\ArgvInput), Object(Symfony\\Component\\Console\\Output\\ConsoleOutput))
#23 /home/letellier/LaravelProject/projetTest/vendor/symfony/console/Application.php(224): Symfony\\Component\\Console\\Application->doRunCommand(Object(Illuminate\\Foundation\\Console\\RouteListCommand), Object(Symfony\\Component\\Console\\Input\\ArgvInput), Object(Symfony\\Component\\Console\\Output\\ConsoleOutput))
#24 /home/letellier/LaravelProject/projetTest/vendor/symfony/console/Application.php(125): Symfony\\Component\\Console\\Application->doRun(Object(Symfony\\Component\\Console\\Input\\ArgvInput), Object(Symfony\\Component\\Console\\Output\\ConsoleOutput))
#25 /home/letellier/LaravelProject/projetTest/vendor/laravel/framework/src/Illuminate/Console/Application.php(88): Symfony\\Component\\Console\\Application->run(Object(Symfony\\Component\\Console\\Input\\ArgvInput), Object(Symfony\\Component\\Console\\Output\\ConsoleOutput))
#26 /home/letellier/LaravelProject/projetTest/vendor/laravel/framework/src/Illuminate/Foundation/Console/Kernel.php(121): Illuminate\\Console\\Application->run(Object(Symfony\\Component\\Console\\Input\\ArgvInput), Object(Symfony\\Component\\Console\\Output\\ConsoleOutput))
#27 /home/letellier/LaravelProject/projetTest/artisan(37): Illuminate\\Foundation\\Console\\Kernel->handle(Object(Symfony\\Component\\Console\\Input\\ArgvInput), Object(Symfony\\Component\\Console\\Output\\ConsoleOutput))
#28 {main}
"} 
[2017-09-27 13:49:22] local.ERROR: Class App\Http\Controllers\CommentsController does not exist {"exception":"[object] (ReflectionException(code: -1): Class App\\Http\\Controllers\\CommentsController does not exist at /home/letellier/LaravelProject/projetTest/vendor/laravel/framework/src/Illuminate/Container/Container.php:752)
[stacktrace]
#0 /home/letellier/LaravelProject/projetTest/vendor/laravel/framework/src/Illuminate/Container/Container.php(752): ReflectionClass->__construct('App\\\\Http\\\\Contro...')
#1 /home/letellier/LaravelProject/projetTest/vendor/laravel/framework/src/Illuminate/Container/Container.php(631): Illuminate\\Container\\Container->build('App\\\\Http\\\\Contro...')
#2 /home/letellier/LaravelProject/projetTest/vendor/laravel/framework/src/Illuminate/Container/Container.php(586): Illuminate\\Container\\Container->resolve('App\\\\Http\\\\Contro...', Array)
#3 /home/letellier/LaravelProject/projetTest/vendor/laravel/framework/src/Illuminate/Foundation/Application.php(721): Illuminate\\Container\\Container->make('App\\\\Http\\\\Contro...', Array)
#4 /home/letellier/LaravelProject/projetTest/vendor/laravel/framework/src/Illuminate/Routing/Route.php(226): Illuminate\\Foundation\\Application->make('App\\\\Http\\\\Contro...')
#5 /home/letellier/LaravelProject/projetTest/vendor/laravel/framework/src/Illuminate/Routing/Route.php(796): Illuminate\\Routing\\Route->getController()
#6 /home/letellier/LaravelProject/projetTest/vendor/laravel/framework/src/Illuminate/Routing/Route.php(757): Illuminate\\Routing\\Route->controllerMiddleware()
#7 /home/letellier/LaravelProject/projetTest/vendor/laravel/framework/src/Illuminate/Foundation/Console/RouteListCommand.php(151): Illuminate\\Routing\\Route->gatherMiddleware()
#8 /home/letellier/LaravelProject/projetTest/vendor/laravel/framework/src/Illuminate/Foundation/Console/RouteListCommand.php(114): Illuminate\\Foundation\\Console\\RouteListCommand->getMiddleware(Object(Illuminate\\Routing\\Route))
#9 /home/letellier/LaravelProject/projetTest/vendor/laravel/framework/src/Illuminate/Foundation/Console/RouteListCommand.php(86): Illuminate\\Foundation\\Console\\RouteListCommand->getRouteInformation(Object(Illuminate\\Routing\\Route))
#10 [internal function]: Illuminate\\Foundation\\Console\\RouteListCommand->Illuminate\\Foundation\\Console\\{closure}(Object(Illuminate\\Routing\\Route), 2)
#11 /home/letellier/LaravelProject/projetTest/vendor/laravel/framework/src/Illuminate/Support/Collection.php(833): array_map(Object(Closure), Array, Array)
#12 /home/letellier/LaravelProject/projetTest/vendor/laravel/framework/src/Illuminate/Foundation/Console/RouteListCommand.php(87): Illuminate\\Support\\Collection->map(Object(Closure))
#13 /home/letellier/LaravelProject/projetTest/vendor/laravel/framework/src/Illuminate/Foundation/Console/RouteListCommand.php(75): Illuminate\\Foundation\\Console\\RouteListCommand->getRoutes()
#14 [internal function]: Illuminate\\Foundation\\Console\\RouteListCommand->handle()
#15 /home/letellier/LaravelProject/projetTest/vendor/laravel/framework/src/Illuminate/Container/BoundMethod.php(29): call_user_func_array(Array, Array)
#16 /home/letellier/LaravelProject/projetTest/vendor/laravel/framework/src/Illuminate/Container/BoundMethod.php(87): Illuminate\\Container\\BoundMethod::Illuminate\\Container\\{closure}()
#17 /home/letellier/LaravelProject/projetTest/vendor/laravel/framework/src/Illuminate/Container/BoundMethod.php(31): Illuminate\\Container\\BoundMethod::callBoundMethod(Object(Illuminate\\Foundation\\Application), Array, Object(Closure))
#18 /home/letellier/LaravelProject/projetTest/vendor/laravel/framework/src/Illuminate/Container/Container.php(549): Illuminate\\Container\\BoundMethod::call(Object(Illuminate\\Foundation\\Application), Array, Array, NULL)
#19 /home/letellier/LaravelProject/projetTest/vendor/laravel/framework/src/Illuminate/Console/Command.php(180): Illuminate\\Container\\Container->call(Array)
#20 /home/letellier/LaravelProject/projetTest/vendor/symfony/console/Command/Command.php(264): Illuminate\\Console\\Command->execute(Object(Symfony\\Component\\Console\\Input\\ArgvInput), Object(Illuminate\\Console\\OutputStyle))
#21 /home/letellier/LaravelProject/projetTest/vendor/laravel/framework/src/Illuminate/Console/Command.php(167): Symfony\\Component\\Console\\Command\\Command->run(Object(Symfony\\Component\\Console\\Input\\ArgvInput), Object(Illuminate\\Console\\OutputStyle))
#22 /home/letellier/LaravelProject/projetTest/vendor/symfony/console/Application.php(888): Illuminate\\Console\\Command->run(Object(Symfony\\Component\\Console\\Input\\ArgvInput), Object(Symfony\\Component\\Console\\Output\\ConsoleOutput))
#23 /home/letellier/LaravelProject/projetTest/vendor/symfony/console/Application.php(224): Symfony\\Component\\Console\\Application->doRunCommand(Object(Illuminate\\Foundation\\Console\\RouteListCommand), Object(Symfony\\Component\\Console\\Input\\ArgvInput), Object(Symfony\\Component\\Console\\Output\\ConsoleOutput))
#24 /home/letellier/LaravelProject/projetTest/vendor/symfony/console/Application.php(125): Symfony\\Component\\Console\\Application->doRun(Object(Symfony\\Component\\Console\\Input\\ArgvInput), Object(Symfony\\Component\\Console\\Output\\ConsoleOutput))
#25 /home/letellier/LaravelProject/projetTest/vendor/laravel/framework/src/Illuminate/Console/Application.php(88): Symfony\\Component\\Console\\Application->run(Object(Symfony\\Component\\Console\\Input\\ArgvInput), Object(Symfony\\Component\\Console\\Output\\ConsoleOutput))
#26 /home/letellier/LaravelProject/projetTest/vendor/laravel/framework/src/Illuminate/Foundation/Console/Kernel.php(121): Illuminate\\Console\\Application->run(Object(Symfony\\Component\\Console\\Input\\ArgvInput), Object(Symfony\\Component\\Console\\Output\\ConsoleOutput))
#27 /home/letellier/LaravelProject/projetTest/artisan(37): Illuminate\\Foundation\\Console\\Kernel->handle(Object(Symfony\\Component\\Console\\Input\\ArgvInput), Object(Symfony\\Component\\Console\\Output\\ConsoleOutput))
#28 {main}
"} 
